<?xml version="1.0" encoding="UTF-8"?>
<!-- Generated by org.testng.reporters.JUnitReportReporter -->
<testsuite hostname="Anbu" name="com.demo.test.FacebookSignUp" tests="1" failures="0" timestamp="1 Aug 2017 14:37:31 GMT" time="5.775" errors="0">
  <testcase name="signUpTest" time="5.775" classname="com.demo.test.FacebookSignUp"/>
</testsuite> <!-- com.demo.test.FacebookSignUp -->
